<?xml version="1.0" encoding="UTF-8"?>
<!-- Generated by org.testng.reporters.JUnitXMLReporter -->
<testsuite hostname="DESKTOP-STNINOS" ignored="0" name="Default test" tests="2" failures="0" timestamp="20 Aug 2022 07:54:58 GMT" time="7.904" errors="0">
  <testcase name="verify_login_with_invalid_credentials_TC01" time="4.474" classname="com.Vtiger.tests.LoginTest"/>
  <testcase name="verify_login_with_valid_credentials_TC02" time="3.36" classname="com.Vtiger.tests.LoginTest"/>
</testsuite> <!-- Default test -->
