<?xml version="1.0" encoding="UTF-8"?>
<!-- Generated by org.testng.reporters.JUnitXMLReporter -->
<testsuite hostname="DESKTOP-STNINOS" ignored="2" name="Test" tests="3" failures="0" timestamp="19 Aug 2022 15:34:40 GMT" time="12.906" errors="0">
  <testcase name="verify_leadcreation_with_mandatory_fields_TC03" time="6.578" classname="com.Vtiger.tests.LeadTest"/>
  <testcase name="verify_login_with_invalid_credentials_TC01" time="3.24" classname="com.Vtiger.tests.LoginTest"/>
  <testcase name="verify_login_with_valid_credentials_TC02" time="3.002" classname="com.Vtiger.tests.LoginTest"/>
  <testcase name="@AfterSuite closeApp" time="0.0" classname="com.Vtiger.tests.BaseTest">
    <ignored/>
  </testcase> <!-- @AfterSuite closeApp -->
  <testcase name="@BeforeSuite setup" time="0.0" classname="com.Vtiger.tests.BaseTest">
    <ignored/>
  </testcase> <!-- @BeforeSuite setup -->
</testsuite> <!-- Test -->
